<?xml version="1.0" encoding="UTF-8"?>
<!-- Generated by org.testng.reporters.JUnitReportReporter -->
<testsuite hostname="LMYPF1HJKSM" failures="0" tests="9" name="TestNGPkg.TestNGPractice1" time="4.700" errors="0" timestamp="2021-08-08T00:27:27 SGT" skipped="0">
  <testcase classname="TestNGPkg.TestNGPractice1" name="openURL" time="3.428"/>
  <system-out/>
  <testcase classname="TestNGPkg.TestNGPractice1" name="keyInFirstName" time="0.116"/>
  <system-out/>
  <testcase classname="TestNGPkg.TestNGPractice1" name="keyInLastName" time="0.084"/>
  <system-out/>
  <testcase classname="TestNGPkg.TestNGPractice1" name="keyInEmail" time="0.138"/>
  <system-out/>
  <testcase classname="TestNGPkg.TestNGPractice1" name="keyInPhno" time="0.134"/>
  <system-out/>
  <testcase classname="TestNGPkg.TestNGPractice1" name="keyInPwd" time="0.100"/>
  <system-out/>
  <testcase classname="TestNGPkg.TestNGPractice1" name="keyInConfirmPwd" time="0.118"/>
  <system-out/>
  <testcase classname="TestNGPkg.TestNGPractice1" name="policy" time="0.088"/>
  <system-out/>
  <testcase classname="TestNGPkg.TestNGPractice1" name="submit" time="0.494"/>
  <system-out/>
</testsuite> <!-- TestNGPkg.TestNGPractice1 -->
