<?xml version="1.0" encoding="UTF-8"?>
<!-- Generated by org.testng.reporters.JUnitReportReporter -->
<testsuite hostname="LMYPF1HJKSM" failures="0" tests="9" name="TestNGPkg.TestNGPractice2" time="4.829" errors="0" timestamp="2021-08-08T01:58:03 SGT" skipped="0">
  <testcase classname="TestNGPkg.TestNGPractice2" name="openURL" time="3.957"/>
  <system-out/>
  <testcase classname="TestNGPkg.TestNGPractice2" name="keyInFirstName" time="0.103"/>
  <system-out/>
  <testcase classname="TestNGPkg.TestNGPractice2" name="keyInLastName" time="0.058"/>
  <system-out/>
  <testcase classname="TestNGPkg.TestNGPractice2" name="keyInEmail" time="0.077"/>
  <system-out/>
  <testcase classname="TestNGPkg.TestNGPractice2" name="keyInPhno" time="0.060"/>
  <system-out/>
  <testcase classname="TestNGPkg.TestNGPractice2" name="keyInPwd" time="0.054"/>
  <system-out/>
  <testcase classname="TestNGPkg.TestNGPractice2" name="keyInConfirmPwd" time="0.055"/>
  <system-out/>
  <testcase classname="TestNGPkg.TestNGPractice2" name="policy" time="0.057"/>
  <system-out/>
  <testcase classname="TestNGPkg.TestNGPractice2" name="submit" time="0.408"/>
  <system-out/>
</testsuite> <!-- TestNGPkg.TestNGPractice2 -->
