<?xml version="1.0" encoding="UTF-8"?>
<!-- Generated by org.testng.reporters.JUnitReportReporter -->
<testsuite hostname="LMYPF1HJKSM" failures="0" tests="9" name="TestNGPkg.TestNGPractice2" time="5.642" errors="0" timestamp="2021-08-08T00:27:27 SGT" skipped="0">
  <testcase classname="TestNGPkg.TestNGPractice2" name="openURL" time="4.205"/>
  <system-out/>
  <testcase classname="TestNGPkg.TestNGPractice2" name="keyInFirstName" time="0.116"/>
  <system-out/>
  <testcase classname="TestNGPkg.TestNGPractice2" name="keyInLastName" time="0.138"/>
  <system-out/>
  <testcase classname="TestNGPkg.TestNGPractice2" name="keyInEmail" time="0.164"/>
  <system-out/>
  <testcase classname="TestNGPkg.TestNGPractice2" name="keyInPhno" time="0.128"/>
  <system-out/>
  <testcase classname="TestNGPkg.TestNGPractice2" name="keyInPwd" time="0.105"/>
  <system-out/>
  <testcase classname="TestNGPkg.TestNGPractice2" name="keyInConfirmPwd" time="0.104"/>
  <system-out/>
  <testcase classname="TestNGPkg.TestNGPractice2" name="policy" time="0.100"/>
  <system-out/>
  <testcase classname="TestNGPkg.TestNGPractice2" name="submit" time="0.582"/>
  <system-out/>
</testsuite> <!-- TestNGPkg.TestNGPractice2 -->
