<?xml version="1.0" encoding="UTF-8"?>
<!-- Generated by org.testng.reporters.JUnitReportReporter -->
<testsuite hostname="LMYPF1HJKSM" failures="0" tests="9" name="TestNGPkg.TestNGPractice1" time="4.784" errors="0" timestamp="2021-08-08T02:20:18 SGT" skipped="0">
  <testcase classname="TestNGPkg.TestNGPractice1" name="openURL" time="3.855"/>
  <system-out/>
  <testcase classname="TestNGPkg.TestNGPractice1" name="keyInFirstName" time="0.116"/>
  <system-out/>
  <testcase classname="TestNGPkg.TestNGPractice1" name="keyInLastName" time="0.059"/>
  <system-out/>
  <testcase classname="TestNGPkg.TestNGPractice1" name="keyInEmail" time="0.078"/>
  <system-out/>
  <testcase classname="TestNGPkg.TestNGPractice1" name="keyInPhno" time="0.061"/>
  <system-out/>
  <testcase classname="TestNGPkg.TestNGPractice1" name="keyInPwd" time="0.052"/>
  <system-out/>
  <testcase classname="TestNGPkg.TestNGPractice1" name="keyInConfirmPwd" time="0.054"/>
  <system-out/>
  <testcase classname="TestNGPkg.TestNGPractice1" name="policy" time="0.062"/>
  <system-out/>
  <testcase classname="TestNGPkg.TestNGPractice1" name="submit" time="0.447"/>
  <system-out/>
</testsuite> <!-- TestNGPkg.TestNGPractice1 -->
