<?xml version="1.0" encoding="UTF-8"?>
<!-- Generated by org.testng.reporters.JUnitReportReporter -->
<testsuite hostname="LMYPF1HJKSM" failures="0" tests="9" name="TestNGPkg.TestNGPractice2" time="4.514" errors="0" timestamp="2021-08-08T02:20:18 SGT" skipped="0">
  <testcase classname="TestNGPkg.TestNGPractice2" name="openURL" time="3.500"/>
  <system-out/>
  <testcase classname="TestNGPkg.TestNGPractice2" name="keyInFirstName" time="0.077"/>
  <system-out/>
  <testcase classname="TestNGPkg.TestNGPractice2" name="keyInLastName" time="0.076"/>
  <system-out/>
  <testcase classname="TestNGPkg.TestNGPractice2" name="keyInEmail" time="0.101"/>
  <system-out/>
  <testcase classname="TestNGPkg.TestNGPractice2" name="keyInPhno" time="0.081"/>
  <system-out/>
  <testcase classname="TestNGPkg.TestNGPractice2" name="keyInPwd" time="0.073"/>
  <system-out/>
  <testcase classname="TestNGPkg.TestNGPractice2" name="keyInConfirmPwd" time="0.073"/>
  <system-out/>
  <testcase classname="TestNGPkg.TestNGPractice2" name="policy" time="0.070"/>
  <system-out/>
  <testcase classname="TestNGPkg.TestNGPractice2" name="submit" time="0.463"/>
  <system-out/>
</testsuite> <!-- TestNGPkg.TestNGPractice2 -->
