<?xml version="1.0" encoding="UTF-8"?>
<!-- Generated by org.testng.reporters.JUnitReportReporter -->
<testsuite hostname="LMYPF1HJKSM" failures="0" tests="9" name="TestNGPkg.TestNGPractice2" time="4.458" errors="0" timestamp="2021-08-08T02:41:36 SGT" skipped="0">
  <testcase classname="TestNGPkg.TestNGPractice2" name="openURL" time="3.496"/>
  <system-out/>
  <testcase classname="TestNGPkg.TestNGPractice2" name="keyInFirstName" time="0.110"/>
  <system-out/>
  <testcase classname="TestNGPkg.TestNGPractice2" name="keyInLastName" time="0.089"/>
  <system-out/>
  <testcase classname="TestNGPkg.TestNGPractice2" name="keyInEmail" time="0.078"/>
  <system-out/>
  <testcase classname="TestNGPkg.TestNGPractice2" name="keyInPhno" time="0.056"/>
  <system-out/>
  <testcase classname="TestNGPkg.TestNGPractice2" name="keyInPwd" time="0.050"/>
  <system-out/>
  <testcase classname="TestNGPkg.TestNGPractice2" name="keyInConfirmPwd" time="0.052"/>
  <system-out/>
  <testcase classname="TestNGPkg.TestNGPractice2" name="policy" time="0.063"/>
  <system-out/>
  <testcase classname="TestNGPkg.TestNGPractice2" name="submit" time="0.464"/>
  <system-out/>
</testsuite> <!-- TestNGPkg.TestNGPractice2 -->
